  main.cpp
d:\tasks\dev_cpp\oldcppprojects\icosahedron\icosahedron\main.cpp(41): warning C4244: =: преобразование "double" в "float", возможна потеря данных
d:\tasks\dev_cpp\oldcppprojects\icosahedron\icosahedron\main.cpp(42): warning C4244: =: преобразование "double" в "float", возможна потеря данных
d:\tasks\dev_cpp\oldcppprojects\icosahedron\icosahedron\main.cpp(46): warning C4244: =: преобразование "double" в "float", возможна потеря данных
d:\tasks\dev_cpp\oldcppprojects\icosahedron\icosahedron\main.cpp(48): warning C4244: =: преобразование "double" в "float", возможна потеря данных
d:\tasks\dev_cpp\oldcppprojects\icosahedron\icosahedron\main.cpp(49): warning C4244: =: преобразование "double" в "float", возможна потеря данных
d:\tasks\dev_cpp\oldcppprojects\icosahedron\icosahedron\main.cpp(114): warning C4244: инициализация: преобразование "float" в "int", возможна потеря данных
d:\tasks\dev_cpp\oldcppprojects\icosahedron\icosahedron\main.cpp(115): warning C4244: инициализация: преобразование "float" в "int", возможна потеря данных
d:\tasks\dev_cpp\oldcppprojects\icosahedron\icosahedron\main.cpp(116): warning C4244: инициализация: преобразование "float" в "int", возможна потеря данных
d:\tasks\dev_cpp\oldcppprojects\icosahedron\icosahedron\main.cpp(117): warning C4244: инициализация: преобразование "float" в "int", возможна потеря данных
d:\tasks\dev_cpp\oldcppprojects\icosahedron\icosahedron\main.cpp(163): warning C4244: инициализация: преобразование "int" в "float", возможна потеря данных
d:\tasks\dev_cpp\oldcppprojects\icosahedron\icosahedron\main.cpp(200): warning C4244: аргумент: преобразование "int" в "GLfloat", возможна потеря данных
d:\tasks\dev_cpp\oldcppprojects\icosahedron\icosahedron\main.cpp(309): warning C4244: =: преобразование "double" в "float", возможна потеря данных
d:\tasks\dev_cpp\oldcppprojects\icosahedron\icosahedron\main.cpp(310): warning C4244: =: преобразование "double" в "float", возможна потеря данных
d:\tasks\dev_cpp\oldcppprojects\icosahedron\icosahedron\main.cpp(318): warning C4244: =: преобразование "double" в "float", возможна потеря данных
d:\tasks\dev_cpp\oldcppprojects\icosahedron\icosahedron\main.cpp(319): warning C4244: =: преобразование "double" в "float", возможна потеря данных
d:\tasks\dev_cpp\oldcppprojects\icosahedron\icosahedron\main.cpp(327): warning C4244: =: преобразование "double" в "float", возможна потеря данных
d:\tasks\dev_cpp\oldcppprojects\icosahedron\icosahedron\main.cpp(328): warning C4244: =: преобразование "double" в "float", возможна потеря данных
d:\tasks\dev_cpp\oldcppprojects\icosahedron\icosahedron\main.cpp(364): warning C4305: +=: усечение из "double" в "float"
d:\tasks\dev_cpp\oldcppprojects\icosahedron\icosahedron\main.cpp(365): warning C4305: -=: усечение из "double" в "float"
  Icosahedron.vcxproj -> D:\Tasks\DEV_CPP\OldCppProjects\Icosahedron\Debug\Icosahedron.exe
