  main.cpp
d:\tasks\dev_cpp\oldcppprojects\icosahedron\icosahedron\main.cpp(10): warning C4101: minor: неиспользованная локальная переменная
d:\tasks\dev_cpp\oldcppprojects\icosahedron\icosahedron\main.cpp(10): warning C4101: major: неиспользованная локальная переменная
d:\tasks\dev_cpp\oldcppprojects\icosahedron\icosahedron\main.cpp(54): warning C4244: =: преобразование "double" в "float", возможна потеря данных
d:\tasks\dev_cpp\oldcppprojects\icosahedron\icosahedron\main.cpp(55): warning C4244: =: преобразование "double" в "float", возможна потеря данных
d:\tasks\dev_cpp\oldcppprojects\icosahedron\icosahedron\main.cpp(59): warning C4244: =: преобразование "double" в "float", возможна потеря данных
d:\tasks\dev_cpp\oldcppprojects\icosahedron\icosahedron\main.cpp(61): warning C4244: =: преобразование "double" в "float", возможна потеря данных
d:\tasks\dev_cpp\oldcppprojects\icosahedron\icosahedron\main.cpp(62): warning C4244: =: преобразование "double" в "float", возможна потеря данных
d:\tasks\dev_cpp\oldcppprojects\icosahedron\icosahedron\main.cpp(138): warning C4244: инициализация: преобразование "float" в "int", возможна потеря данных
d:\tasks\dev_cpp\oldcppprojects\icosahedron\icosahedron\main.cpp(139): warning C4244: инициализация: преобразование "float" в "int", возможна потеря данных
d:\tasks\dev_cpp\oldcppprojects\icosahedron\icosahedron\main.cpp(140): warning C4244: инициализация: преобразование "float" в "int", возможна потеря данных
d:\tasks\dev_cpp\oldcppprojects\icosahedron\icosahedron\main.cpp(141): warning C4244: инициализация: преобразование "float" в "int", возможна потеря данных
d:\tasks\dev_cpp\oldcppprojects\icosahedron\icosahedron\main.cpp(187): warning C4244: инициализация: преобразование "int" в "float", возможна потеря данных
d:\tasks\dev_cpp\oldcppprojects\icosahedron\icosahedron\main.cpp(224): warning C4244: аргумент: преобразование "int" в "GLfloat", возможна потеря данных
d:\tasks\dev_cpp\oldcppprojects\icosahedron\icosahedron\main.cpp(334): warning C4244: =: преобразование "double" в "float", возможна потеря данных
d:\tasks\dev_cpp\oldcppprojects\icosahedron\icosahedron\main.cpp(335): warning C4244: =: преобразование "double" в "float", возможна потеря данных
d:\tasks\dev_cpp\oldcppprojects\icosahedron\icosahedron\main.cpp(343): warning C4244: =: преобразование "double" в "float", возможна потеря данных
d:\tasks\dev_cpp\oldcppprojects\icosahedron\icosahedron\main.cpp(344): warning C4244: =: преобразование "double" в "float", возможна потеря данных
d:\tasks\dev_cpp\oldcppprojects\icosahedron\icosahedron\main.cpp(352): warning C4244: =: преобразование "double" в "float", возможна потеря данных
d:\tasks\dev_cpp\oldcppprojects\icosahedron\icosahedron\main.cpp(353): warning C4244: =: преобразование "double" в "float", возможна потеря данных
d:\tasks\dev_cpp\oldcppprojects\icosahedron\icosahedron\main.cpp(389): warning C4305: +=: усечение из "double" в "float"
d:\tasks\dev_cpp\oldcppprojects\icosahedron\icosahedron\main.cpp(390): warning C4305: -=: усечение из "double" в "float"
  Создание кода
  All 42 functions were compiled because no usable IPDB/IOBJ from previous compilation was found.
  Создание кода завершено
  Icosahedron.vcxproj -> D:\Tasks\DEV_CPP\OldCppProjects\Icosahedron\Release\Icosahedron.exe
